<?xml version="1.0" encoding="UTF-8"?>
<testng-results ignored="0" total="1" passed="1" failed="0" skipped="0">
  <reporter-output>
  </reporter-output>
  <suite started-at="2019-09-18T12:20:12Z" name="Default suite" finished-at="2019-09-18T12:20:28Z" duration-ms="15619">
    <groups>
    </groups>
    <test started-at="2019-09-18T12:20:12Z" name="Default test" finished-at="2019-09-18T12:20:28Z" duration-ms="15619">
      <class name="basics.AutoitDemo">
        <test-method signature="autoItDemo()[pri:0, instance:basics.AutoitDemo@10d68fcd]" started-at="2019-09-18T12:20:12Z" name="autoItDemo" finished-at="2019-09-18T12:20:28Z" duration-ms="15575" status="PASS">
          <reporter-output>
          </reporter-output>
        </test-method> <!-- autoItDemo -->
      </class> <!-- basics.AutoitDemo -->
    </test> <!-- Default test -->
  </suite> <!-- Default suite -->
</testng-results>
